Start testing: Jun 10 11:30 MSK
----------------------------------------------------------
1/3 Testing: test_Hero
1/3 Test: test_Hero
Command: "/home/marboss/designpattern/Builder Design Pattern/build/tests/test_Hero"
Directory: /home/marboss/designpattern/Builder Design Pattern/build/tests
"test_Hero" start time: Jun 10 11:30 MSK
Output:
----------------------------------------------------------
Running main() from /home/marboss/googletest/googletest/src/gtest_main.cc
[==========] Running 2 tests from 1 test suite.
[----------] Global test environment set-up.
[----------] 2 tests from HeroTest
[ RUN      ] HeroTest.ConstructorAndAttributes
[       OK ] HeroTest.ConstructorAndAttributes (0 ms)
[ RUN      ] HeroTest.InventoryManipulation
[       OK ] HeroTest.InventoryManipulation (0 ms)
[----------] 2 tests from HeroTest (0 ms total)

[----------] Global test environment tear-down
[==========] 2 tests from 1 test suite ran. (0 ms total)
[  PASSED  ] 2 tests.
<end of output>
Test time =   0.01 sec
----------------------------------------------------------
Test Passed.
"test_Hero" end time: Jun 10 11:30 MSK
"test_Hero" time elapsed: 00:00:00
----------------------------------------------------------

2/3 Testing: test_HeroBuilder
2/3 Test: test_HeroBuilder
Command: "/home/marboss/designpattern/Builder Design Pattern/build/tests/test_HeroBuilder"
Directory: /home/marboss/designpattern/Builder Design Pattern/build/tests
"test_HeroBuilder" start time: Jun 10 11:30 MSK
Output:
----------------------------------------------------------
Running main() from /home/marboss/googletest/googletest/src/gtest_main.cc
[==========] Running 3 tests from 1 test suite.
[----------] Global test environment set-up.
[----------] 3 tests from HeroBuilderTest
[ RUN      ] HeroBuilderTest.BuildWarrior
[       OK ] HeroBuilderTest.BuildWarrior (0 ms)
[ RUN      ] HeroBuilderTest.BuildWizard
[       OK ] HeroBuilderTest.BuildWizard (0 ms)
[ RUN      ] HeroBuilderTest.BuildRogue
[       OK ] HeroBuilderTest.BuildRogue (0 ms)
[----------] 3 tests from HeroBuilderTest (0 ms total)

[----------] Global test environment tear-down
[==========] 3 tests from 1 test suite ran. (0 ms total)
[  PASSED  ] 3 tests.
<end of output>
Test time =   0.00 sec
----------------------------------------------------------
Test Passed.
"test_HeroBuilder" end time: Jun 10 11:30 MSK
"test_HeroBuilder" time elapsed: 00:00:00
----------------------------------------------------------

3/3 Testing: test_Item
3/3 Test: test_Item
Command: "/home/marboss/designpattern/Builder Design Pattern/build/tests/test_Item"
Directory: /home/marboss/designpattern/Builder Design Pattern/build/tests
"test_Item" start time: Jun 10 11:30 MSK
Output:
----------------------------------------------------------
Running main() from /home/marboss/googletest/googletest/src/gtest_main.cc
[==========] Running 1 test from 1 test suite.
[----------] Global test environment set-up.
[----------] 1 test from ItemTest
[ RUN      ] ItemTest.ConstructorAndGetters
[       OK ] ItemTest.ConstructorAndGetters (0 ms)
[----------] 1 test from ItemTest (0 ms total)

[----------] Global test environment tear-down
[==========] 1 test from 1 test suite ran. (0 ms total)
[  PASSED  ] 1 test.
<end of output>
Test time =   0.00 sec
----------------------------------------------------------
Test Passed.
"test_Item" end time: Jun 10 11:30 MSK
"test_Item" time elapsed: 00:00:00
----------------------------------------------------------

End testing: Jun 10 11:30 MSK
