Start testing: May 29 23:13 MSK
----------------------------------------------------------
1/6 Testing: HeroTest.ConstructorAndAttributes
1/6 Test: HeroTest.ConstructorAndAttributes
Command: "/home/marboss/designpattern/Builder Design Pattern/build/tests" "--gtest_filter=HeroTest.ConstructorAndAttributes" "--gtest_also_run_disabled_tests"
Directory: /home/marboss/designpattern/Builder Design Pattern/build
"HeroTest.ConstructorAndAttributes" start time: May 29 23:13 MSK
Output:
----------------------------------------------------------
Running main() from /home/marboss/designpattern/Builder Design Pattern/build/_deps/googletest-src/googletest/src/gtest_main.cc
Note: Google Test filter = HeroTest.ConstructorAndAttributes
[==========] Running 1 test from 1 test suite.
[----------] Global test environment set-up.
[----------] 1 test from HeroTest
[ RUN      ] HeroTest.ConstructorAndAttributes
[       OK ] HeroTest.ConstructorAndAttributes (0 ms)
[----------] 1 test from HeroTest (0 ms total)

[----------] Global test environment tear-down
[==========] 1 test from 1 test suite ran. (0 ms total)
[  PASSED  ] 1 test.
<end of output>
Test time =   0.01 sec
----------------------------------------------------------
Test Passed.
"HeroTest.ConstructorAndAttributes" end time: May 29 23:13 MSK
"HeroTest.ConstructorAndAttributes" time elapsed: 00:00:00
----------------------------------------------------------

2/6 Testing: HeroTest.InventoryManipulation
2/6 Test: HeroTest.InventoryManipulation
Command: "/home/marboss/designpattern/Builder Design Pattern/build/tests" "--gtest_filter=HeroTest.InventoryManipulation" "--gtest_also_run_disabled_tests"
Directory: /home/marboss/designpattern/Builder Design Pattern/build
"HeroTest.InventoryManipulation" start time: May 29 23:13 MSK
Output:
----------------------------------------------------------
Running main() from /home/marboss/designpattern/Builder Design Pattern/build/_deps/googletest-src/googletest/src/gtest_main.cc
Note: Google Test filter = HeroTest.InventoryManipulation
[==========] Running 1 test from 1 test suite.
[----------] Global test environment set-up.
[----------] 1 test from HeroTest
[ RUN      ] HeroTest.InventoryManipulation
[       OK ] HeroTest.InventoryManipulation (0 ms)
[----------] 1 test from HeroTest (0 ms total)

[----------] Global test environment tear-down
[==========] 1 test from 1 test suite ran. (0 ms total)
[  PASSED  ] 1 test.
<end of output>
Test time =   0.00 sec
----------------------------------------------------------
Test Passed.
"HeroTest.InventoryManipulation" end time: May 29 23:13 MSK
"HeroTest.InventoryManipulation" time elapsed: 00:00:00
----------------------------------------------------------

3/6 Testing: HeroBuilderTest.BuildWarrior
3/6 Test: HeroBuilderTest.BuildWarrior
Command: "/home/marboss/designpattern/Builder Design Pattern/build/tests" "--gtest_filter=HeroBuilderTest.BuildWarrior" "--gtest_also_run_disabled_tests"
Directory: /home/marboss/designpattern/Builder Design Pattern/build
"HeroBuilderTest.BuildWarrior" start time: May 29 23:13 MSK
Output:
----------------------------------------------------------
Running main() from /home/marboss/designpattern/Builder Design Pattern/build/_deps/googletest-src/googletest/src/gtest_main.cc
Note: Google Test filter = HeroBuilderTest.BuildWarrior
[==========] Running 1 test from 1 test suite.
[----------] Global test environment set-up.
[----------] 1 test from HeroBuilderTest
[ RUN      ] HeroBuilderTest.BuildWarrior
[       OK ] HeroBuilderTest.BuildWarrior (0 ms)
[----------] 1 test from HeroBuilderTest (0 ms total)

[----------] Global test environment tear-down
[==========] 1 test from 1 test suite ran. (0 ms total)
[  PASSED  ] 1 test.
<end of output>
Test time =   0.00 sec
----------------------------------------------------------
Test Passed.
"HeroBuilderTest.BuildWarrior" end time: May 29 23:13 MSK
"HeroBuilderTest.BuildWarrior" time elapsed: 00:00:00
----------------------------------------------------------

4/6 Testing: HeroBuilderTest.BuildWizard
4/6 Test: HeroBuilderTest.BuildWizard
Command: "/home/marboss/designpattern/Builder Design Pattern/build/tests" "--gtest_filter=HeroBuilderTest.BuildWizard" "--gtest_also_run_disabled_tests"
Directory: /home/marboss/designpattern/Builder Design Pattern/build
"HeroBuilderTest.BuildWizard" start time: May 29 23:13 MSK
Output:
----------------------------------------------------------
Running main() from /home/marboss/designpattern/Builder Design Pattern/build/_deps/googletest-src/googletest/src/gtest_main.cc
Note: Google Test filter = HeroBuilderTest.BuildWizard
[==========] Running 1 test from 1 test suite.
[----------] Global test environment set-up.
[----------] 1 test from HeroBuilderTest
[ RUN      ] HeroBuilderTest.BuildWizard
[       OK ] HeroBuilderTest.BuildWizard (0 ms)
[----------] 1 test from HeroBuilderTest (0 ms total)

[----------] Global test environment tear-down
[==========] 1 test from 1 test suite ran. (0 ms total)
[  PASSED  ] 1 test.
<end of output>
Test time =   0.00 sec
----------------------------------------------------------
Test Passed.
"HeroBuilderTest.BuildWizard" end time: May 29 23:13 MSK
"HeroBuilderTest.BuildWizard" time elapsed: 00:00:00
----------------------------------------------------------

5/6 Testing: HeroBuilderTest.BuildRogue
5/6 Test: HeroBuilderTest.BuildRogue
Command: "/home/marboss/designpattern/Builder Design Pattern/build/tests" "--gtest_filter=HeroBuilderTest.BuildRogue" "--gtest_also_run_disabled_tests"
Directory: /home/marboss/designpattern/Builder Design Pattern/build
"HeroBuilderTest.BuildRogue" start time: May 29 23:13 MSK
Output:
----------------------------------------------------------
Running main() from /home/marboss/designpattern/Builder Design Pattern/build/_deps/googletest-src/googletest/src/gtest_main.cc
Note: Google Test filter = HeroBuilderTest.BuildRogue
[==========] Running 1 test from 1 test suite.
[----------] Global test environment set-up.
[----------] 1 test from HeroBuilderTest
[ RUN      ] HeroBuilderTest.BuildRogue
[       OK ] HeroBuilderTest.BuildRogue (0 ms)
[----------] 1 test from HeroBuilderTest (0 ms total)

[----------] Global test environment tear-down
[==========] 1 test from 1 test suite ran. (0 ms total)
[  PASSED  ] 1 test.
<end of output>
Test time =   0.00 sec
----------------------------------------------------------
Test Passed.
"HeroBuilderTest.BuildRogue" end time: May 29 23:13 MSK
"HeroBuilderTest.BuildRogue" time elapsed: 00:00:00
----------------------------------------------------------

6/6 Testing: ItemTest.ConstructorAndGetters
6/6 Test: ItemTest.ConstructorAndGetters
Command: "/home/marboss/designpattern/Builder Design Pattern/build/tests" "--gtest_filter=ItemTest.ConstructorAndGetters" "--gtest_also_run_disabled_tests"
Directory: /home/marboss/designpattern/Builder Design Pattern/build
"ItemTest.ConstructorAndGetters" start time: May 29 23:13 MSK
Output:
----------------------------------------------------------
Running main() from /home/marboss/designpattern/Builder Design Pattern/build/_deps/googletest-src/googletest/src/gtest_main.cc
Note: Google Test filter = ItemTest.ConstructorAndGetters
[==========] Running 1 test from 1 test suite.
[----------] Global test environment set-up.
[----------] 1 test from ItemTest
[ RUN      ] ItemTest.ConstructorAndGetters
[       OK ] ItemTest.ConstructorAndGetters (0 ms)
[----------] 1 test from ItemTest (0 ms total)

[----------] Global test environment tear-down
[==========] 1 test from 1 test suite ran. (0 ms total)
[  PASSED  ] 1 test.
<end of output>
Test time =   0.00 sec
----------------------------------------------------------
Test Passed.
"ItemTest.ConstructorAndGetters" end time: May 29 23:13 MSK
"ItemTest.ConstructorAndGetters" time elapsed: 00:00:00
----------------------------------------------------------

End testing: May 29 23:13 MSK
